#! /usr/bin/vvp
:ivl_version "10.1 (stable)";
:ivl_delay_selection "TYPICAL";
:vpi_time_precision - 7;
:vpi_module "system";
:vpi_module "vhdl_sys";
:vpi_module "v2005_math";
:vpi_module "va_math";
S_0x563f917c6150 .scope module, "serial_adder_tb" "serial_adder_tb" 2 4;
 .timescale 0 -7;
v0x563f917e8710_0 .net "acc", 4 0, v0x563f917e7b70_0;  1 drivers
v0x563f917e87f0_0 .var "clk", 0 0;
v0x563f917e8920_0 .net "cout", 0 0, v0x563f917e7ec0_0;  1 drivers
v0x563f917e89c0_0 .var "data_a", 3 0;
v0x563f917e8a60_0 .var "data_b", 3 0;
v0x563f917e8ba0_0 .net "out", 3 0, v0x563f917e82c0_0;  1 drivers
v0x563f917e8c40_0 .var "reset", 0 0;
S_0x563f917c62d0 .scope module, "s_adder" "serial_adder" 2 12, 3 5 0, S_0x563f917c6150;
 .timescale 0 -7;
    .port_info 0 /INPUT 4 "data_a"
    .port_info 1 /INPUT 4 "data_b"
    .port_info 2 /INPUT 1 "clk"
    .port_info 3 /INPUT 1 "reset"
    .port_info 4 /OUTPUT 4 "out"
    .port_info 5 /OUTPUT 1 "cout"
    .port_info 6 /OUTPUT 5 "acc"
v0x563f917e7b70_0 .var "acc", 4 0;
v0x563f917e7c70_0 .net "cin", 0 0, v0x563f917e6930_0;  1 drivers
v0x563f917e7d80_0 .net "clk", 0 0, v0x563f917e87f0_0;  1 drivers
v0x563f917e7e20_0 .var "count", 2 0;
v0x563f917e7ec0_0 .var "cout", 0 0;
v0x563f917e7fd0_0 .net "cout_temp", 0 0, L_0x563f917e8d70;  1 drivers
v0x563f917e80c0_0 .net "data_a", 3 0, v0x563f917e89c0_0;  1 drivers
v0x563f917e8180_0 .net "data_b", 3 0, v0x563f917e8a60_0;  1 drivers
v0x563f917e8220_0 .var "enable", 0 0;
v0x563f917e82c0_0 .var "out", 3 0;
v0x563f917e8380_0 .net "reset", 0 0, v0x563f917e8c40_0;  1 drivers
v0x563f917e8420_0 .net "sum", 0 0, L_0x563f917e8e10;  1 drivers
v0x563f917e84c0_0 .net "wire_a", 0 0, v0x563f917e70d0_0;  1 drivers
v0x563f917e8560_0 .net "wire_b", 0 0, v0x563f917e7910_0;  1 drivers
S_0x563f917c6500 .scope module, "adder" "full_adder" 3 19, 4 1 0, S_0x563f917c62d0;
 .timescale 0 -7;
    .port_info 0 /INPUT 1 "a"
    .port_info 1 /INPUT 1 "b"
    .port_info 2 /INPUT 1 "cin"
    .port_info 3 /OUTPUT 1 "sum"
    .port_info 4 /OUTPUT 1 "cout"
L_0x7f28faf6a060 .functor BUFT 1, C4<0>, C4<0>, C4<0>, C4<0>;
v0x563f917c2f60_0 .net *"_s10", 0 0, L_0x7f28faf6a060;  1 drivers
v0x563f917c3000_0 .net *"_s11", 1 0, L_0x563f917e9110;  1 drivers
v0x563f917befb0_0 .net *"_s13", 1 0, L_0x563f917e9250;  1 drivers
L_0x7f28faf6a0a8 .functor BUFT 1, C4<0>, C4<0>, C4<0>, C4<0>;
v0x563f917bf050_0 .net *"_s16", 0 0, L_0x7f28faf6a0a8;  1 drivers
v0x563f917be170_0 .net *"_s17", 1 0, L_0x563f917e9380;  1 drivers
v0x563f917be210_0 .net *"_s3", 1 0, L_0x563f917e8f00;  1 drivers
L_0x7f28faf6a018 .functor BUFT 1, C4<0>, C4<0>, C4<0>, C4<0>;
v0x563f917e5f10_0 .net *"_s6", 0 0, L_0x7f28faf6a018;  1 drivers
v0x563f917e5ff0_0 .net *"_s7", 1 0, L_0x563f917e8ff0;  1 drivers
v0x563f917e60d0_0 .net "a", 0 0, v0x563f917e70d0_0;  alias, 1 drivers
v0x563f917e6190_0 .net "b", 0 0, v0x563f917e7910_0;  alias, 1 drivers
v0x563f917e6250_0 .net "cin", 0 0, v0x563f917e6930_0;  alias, 1 drivers
v0x563f917e6310_0 .net "cout", 0 0, L_0x563f917e8d70;  alias, 1 drivers
v0x563f917e63d0_0 .net "sum", 0 0, L_0x563f917e8e10;  alias, 1 drivers
L_0x563f917e8d70 .part L_0x563f917e9380, 1, 1;
L_0x563f917e8e10 .part L_0x563f917e9380, 0, 1;
L_0x563f917e8f00 .concat [ 1 1 0 0], v0x563f917e70d0_0, L_0x7f28faf6a018;
L_0x563f917e8ff0 .concat [ 1 1 0 0], v0x563f917e7910_0, L_0x7f28faf6a060;
L_0x563f917e9110 .arith/sum 2, L_0x563f917e8f00, L_0x563f917e8ff0;
L_0x563f917e9250 .concat [ 1 1 0 0], v0x563f917e6930_0, L_0x7f28faf6a0a8;
L_0x563f917e9380 .arith/sum 2, L_0x563f917e9110, L_0x563f917e9250;
S_0x563f917e6530 .scope module, "dff" "d_flipflop" 3 20, 5 1 0, S_0x563f917c62d0;
 .timescale 0 -7;
    .port_info 0 /INPUT 1 "d"
    .port_info 1 /INPUT 1 "clk"
    .port_info 2 /INPUT 1 "enable"
    .port_info 3 /INPUT 1 "reset"
    .port_info 4 /OUTPUT 1 "out"
v0x563f917e66f0_0 .net "clk", 0 0, v0x563f917e87f0_0;  alias, 1 drivers
v0x563f917e67d0_0 .net "d", 0 0, L_0x563f917e8d70;  alias, 1 drivers
v0x563f917e6890_0 .net "enable", 0 0, v0x563f917e8220_0;  1 drivers
v0x563f917e6930_0 .var "out", 0 0;
v0x563f917e69d0_0 .net "reset", 0 0, v0x563f917e8c40_0;  alias, 1 drivers
E_0x563f917ac360 .event posedge, v0x563f917e69d0_0, v0x563f917e66f0_0;
S_0x563f917e6b20 .scope module, "piso_a" "piso" 3 17, 6 1 0, S_0x563f917c62d0;
 .timescale 0 -7;
    .port_info 0 /INPUT 1 "clk"
    .port_info 1 /INPUT 1 "enable"
    .port_info 2 /INPUT 1 "rst"
    .port_info 3 /INPUT 4 "data"
    .port_info 4 /OUTPUT 1 "out"
v0x563f917e6da0_0 .net "clk", 0 0, v0x563f917e87f0_0;  alias, 1 drivers
v0x563f917e6e70_0 .net "data", 3 0, v0x563f917e89c0_0;  alias, 1 drivers
v0x563f917e6f30_0 .net "enable", 0 0, v0x563f917e8220_0;  alias, 1 drivers
v0x563f917e7030_0 .var "memory", 3 0;
v0x563f917e70d0_0 .var "out", 0 0;
v0x563f917e71c0_0 .net "rst", 0 0, v0x563f917e8c40_0;  alias, 1 drivers
S_0x563f917e7320 .scope module, "piso_b" "piso" 3 18, 6 1 0, S_0x563f917c62d0;
 .timescale 0 -7;
    .port_info 0 /INPUT 1 "clk"
    .port_info 1 /INPUT 1 "enable"
    .port_info 2 /INPUT 1 "rst"
    .port_info 3 /INPUT 4 "data"
    .port_info 4 /OUTPUT 1 "out"
v0x563f917e7570_0 .net "clk", 0 0, v0x563f917e87f0_0;  alias, 1 drivers
v0x563f917e7680_0 .net "data", 3 0, v0x563f917e8a60_0;  alias, 1 drivers
v0x563f917e7760_0 .net "enable", 0 0, v0x563f917e8220_0;  alias, 1 drivers
v0x563f917e7850_0 .var "memory", 3 0;
v0x563f917e7910_0 .var "out", 0 0;
v0x563f917e7a00_0 .net "rst", 0 0, v0x563f917e8c40_0;  alias, 1 drivers
    .scope S_0x563f917e6b20;
T_0 ;
    %wait E_0x563f917ac360;
    %load/vec4 v0x563f917e71c0_0;
    %cmpi/e 1, 0, 1;
    %jmp/0xz  T_0.0, 4;
    %pushi/vec4 0, 0, 1;
    %assign/vec4 v0x563f917e70d0_0, 0;
    %load/vec4 v0x563f917e6e70_0;
    %assign/vec4 v0x563f917e7030_0, 0;
    %jmp T_0.1;
T_0.0 ;
    %load/vec4 v0x563f917e6f30_0;
    %flag_set/vec4 8;
    %jmp/0xz  T_0.2, 8;
    %load/vec4 v0x563f917e7030_0;
    %parti/s 1, 0, 2;
    %store/vec4 v0x563f917e70d0_0, 0, 1;
    %load/vec4 v0x563f917e7030_0;
    %ix/load 4, 1, 0;
    %flag_set/imm 4, 0;
    %shiftr 4;
    %store/vec4 v0x563f917e7030_0, 0, 4;
T_0.2 ;
T_0.1 ;
    %jmp T_0;
    .thread T_0;
    .scope S_0x563f917e7320;
T_1 ;
    %wait E_0x563f917ac360;
    %load/vec4 v0x563f917e7a00_0;
    %cmpi/e 1, 0, 1;
    %jmp/0xz  T_1.0, 4;
    %pushi/vec4 0, 0, 1;
    %assign/vec4 v0x563f917e7910_0, 0;
    %load/vec4 v0x563f917e7680_0;
    %assign/vec4 v0x563f917e7850_0, 0;
    %jmp T_1.1;
T_1.0 ;
    %load/vec4 v0x563f917e7760_0;
    %flag_set/vec4 8;
    %jmp/0xz  T_1.2, 8;
    %load/vec4 v0x563f917e7850_0;
    %parti/s 1, 0, 2;
    %store/vec4 v0x563f917e7910_0, 0, 1;
    %load/vec4 v0x563f917e7850_0;
    %ix/load 4, 1, 0;
    %flag_set/imm 4, 0;
    %shiftr 4;
    %store/vec4 v0x563f917e7850_0, 0, 4;
T_1.2 ;
T_1.1 ;
    %jmp T_1;
    .thread T_1;
    .scope S_0x563f917e6530;
T_2 ;
    %wait E_0x563f917ac360;
    %load/vec4 v0x563f917e69d0_0;
    %flag_set/vec4 8;
    %jmp/0xz  T_2.0, 8;
    %pushi/vec4 0, 0, 1;
    %store/vec4 v0x563f917e6930_0, 0, 1;
    %jmp T_2.1;
T_2.0 ;
    %load/vec4 v0x563f917e6890_0;
    %flag_set/vec4 8;
    %jmp/0xz  T_2.2, 8;
    %load/vec4 v0x563f917e67d0_0;
    %store/vec4 v0x563f917e6930_0, 0, 1;
T_2.2 ;
T_2.1 ;
    %jmp T_2;
    .thread T_2;
    .scope S_0x563f917c62d0;
T_3 ;
    %wait E_0x563f917ac360;
    %load/vec4 v0x563f917e8380_0;
    %flag_set/vec4 8;
    %jmp/0xz  T_3.0, 8;
    %pushi/vec4 1, 0, 1;
    %store/vec4 v0x563f917e8220_0, 0, 1;
    %pushi/vec4 0, 0, 3;
    %store/vec4 v0x563f917e7e20_0, 0, 3;
    %pushi/vec4 0, 0, 4;
    %store/vec4 v0x563f917e82c0_0, 0, 4;
    %jmp T_3.1;
T_3.0 ;
    %pushi/vec4 4, 0, 3;
    %load/vec4 v0x563f917e7e20_0;
    %cmp/u;
    %jmp/0xz  T_3.2, 5;
    %pushi/vec4 0, 0, 1;
    %store/vec4 v0x563f917e8220_0, 0, 1;
    %jmp T_3.3;
T_3.2 ;
    %load/vec4 v0x563f917e8220_0;
    %flag_set/vec4 8;
    %jmp/0xz  T_3.4, 8;
    %load/vec4 v0x563f917e7fd0_0;
    %store/vec4 v0x563f917e7ec0_0, 0, 1;
    %load/vec4 v0x563f917e7e20_0;
    %addi 1, 0, 3;
    %store/vec4 v0x563f917e7e20_0, 0, 3;
    %load/vec4 v0x563f917e82c0_0;
    %ix/load 4, 1, 0;
    %flag_set/imm 4, 0;
    %shiftr 4;
    %store/vec4 v0x563f917e82c0_0, 0, 4;
    %load/vec4 v0x563f917e8420_0;
    %ix/load 4, 3, 0;
    %flag_set/imm 4, 0;
    %store/vec4 v0x563f917e82c0_0, 4, 1;
    %load/vec4 v0x563f917e7ec0_0;
    %load/vec4 v0x563f917e82c0_0;
    %concat/vec4; draw_concat_vec4
    %store/vec4 v0x563f917e7b70_0, 0, 5;
T_3.4 ;
T_3.3 ;
T_3.1 ;
    %jmp T_3;
    .thread T_3;
    .scope S_0x563f917c6150;
T_4 ;
    %vpi_call 2 15 "$monitor", "data_a = %4b, data_b = %4b, reset = %b,cout=%b, out=%b, acc=%b", v0x563f917e89c0_0, v0x563f917e8a60_0, v0x563f917e8c40_0, v0x563f917e8920_0, v0x563f917e8ba0_0, v0x563f917e8710_0 {0 0 0};
    %vpi_call 2 16 "$dumpfile", "serial_adder_tb.vcd" {0 0 0};
    %vpi_call 2 17 "$dumpvars", 32'sb00000000000000000000000000000000, S_0x563f917c6150 {0 0 0};
    %pushi/vec4 0, 0, 1;
    %store/vec4 v0x563f917e87f0_0, 0, 1;
    %pushi/vec4 1, 0, 4;
    %store/vec4 v0x563f917e89c0_0, 0, 4;
    %pushi/vec4 1, 0, 4;
    %store/vec4 v0x563f917e8a60_0, 0, 4;
    %pushi/vec4 1, 0, 1;
    %store/vec4 v0x563f917e8c40_0, 0, 1;
    %delay 1000000000, 0;
    %pushi/vec4 1, 0, 4;
    %store/vec4 v0x563f917e89c0_0, 0, 4;
    %pushi/vec4 1, 0, 4;
    %store/vec4 v0x563f917e8a60_0, 0, 4;
    %pushi/vec4 0, 0, 1;
    %store/vec4 v0x563f917e8c40_0, 0, 1;
    %delay 1000000000, 0;
    %pushi/vec4 1, 0, 4;
    %store/vec4 v0x563f917e89c0_0, 0, 4;
    %pushi/vec4 3, 0, 4;
    %store/vec4 v0x563f917e8a60_0, 0, 4;
    %pushi/vec4 1, 0, 1;
    %store/vec4 v0x563f917e8c40_0, 0, 1;
    %delay 1000000000, 0;
    %pushi/vec4 1, 0, 4;
    %store/vec4 v0x563f917e89c0_0, 0, 4;
    %pushi/vec4 3, 0, 4;
    %store/vec4 v0x563f917e8a60_0, 0, 4;
    %pushi/vec4 0, 0, 1;
    %store/vec4 v0x563f917e8c40_0, 0, 1;
    %delay 1000000000, 0;
    %vpi_call 2 23 "$finish" {0 0 0};
    %end;
    .thread T_4;
    .scope S_0x563f917c6150;
T_5 ;
    %delay 100000000, 0;
    %load/vec4 v0x563f917e87f0_0;
    %nor/r;
    %store/vec4 v0x563f917e87f0_0, 0, 1;
    %jmp T_5;
    .thread T_5;
# The file index is used to find the file name in the following table.
:file_names 7;
    "N/A";
    "<interactive>";
    "serial_adder_tb.v";
    "./serial_adder.v";
    "./full_adder.v";
    "./d_flipflop.v";
    "./piso.v";
